【train】1/3 1/939 loss:280.4721374511719
【train】1/3 2/939 loss:240.24386596679688
【train】1/3 3/939 loss:241.33535766601562
【train】1/3 4/939 loss:239.00828552246094
【train】1/3 5/939 loss:196.39529418945312
【train】1/3 6/939 loss:174.1179656982422
【train】1/3 7/939 loss:120.84896850585938
【train】1/3 8/939 loss:79.58767700195312
【train】1/3 9/939 loss:79.44168090820312
【train】1/3 10/939 loss:82.795654296875
【train】1/3 11/939 loss:78.97767639160156
【train】1/3 12/939 loss:69.54485321044922
【train】1/3 13/939 loss:93.24383544921875
【train】1/3 14/939 loss:68.37195587158203
【train】1/3 15/939 loss:61.39033126831055
【train】1/3 16/939 loss:88.83406829833984
【train】1/3 17/939 loss:70.95610046386719
【train】1/3 18/939 loss:73.93803405761719
【train】1/3 19/939 loss:79.47930908203125
【train】1/3 20/939 loss:63.498138427734375
【train】1/3 21/939 loss:67.59129333496094
【train】1/3 22/939 loss:65.73611450195312
【train】1/3 23/939 loss:59.63823699951172
【train】1/3 24/939 loss:64.41853332519531
【train】1/3 25/939 loss:52.20039367675781
【train】1/3 26/939 loss:73.72775268554688
【train】1/3 27/939 loss:57.94287109375
【train】1/3 28/939 loss:58.00758743286133
【train】1/3 29/939 loss:43.743900299072266
【train】1/3 30/939 loss:50.696815490722656
【train】1/3 31/939 loss:51.139739990234375
【train】1/3 32/939 loss:44.218719482421875
【train】1/3 33/939 loss:41.40327453613281
【train】1/3 34/939 loss:39.75815200805664
【train】1/3 35/939 loss:42.789913177490234
【train】1/3 36/939 loss:46.59768295288086
【train】1/3 37/939 loss:41.342010498046875
【train】1/3 38/939 loss:41.59454345703125
【train】1/3 39/939 loss:41.651668548583984
【train】1/3 40/939 loss:32.52550506591797
【train】1/3 41/939 loss:46.89841079711914
【train】1/3 42/939 loss:44.34168243408203
【train】1/3 43/939 loss:36.80401611328125
【train】1/3 44/939 loss:42.03488540649414
【train】1/3 45/939 loss:42.408363342285156
【train】1/3 46/939 loss:35.01508331298828
【train】1/3 47/939 loss:37.1612548828125
【train】1/3 48/939 loss:31.570579528808594
【train】1/3 49/939 loss:30.998249053955078
【train】1/3 50/939 loss:40.476173400878906
【train】1/3 51/939 loss:34.601837158203125
【train】1/3 52/939 loss:29.636690139770508
【train】1/3 53/939 loss:26.051517486572266
【train】1/3 54/939 loss:38.99455261230469
【train】1/3 55/939 loss:30.790943145751953
【train】1/3 56/939 loss:27.859251022338867
【train】1/3 57/939 loss:35.81483459472656
【train】1/3 58/939 loss:31.728670120239258
【train】1/3 59/939 loss:41.34781265258789
【train】1/3 60/939 loss:31.268604278564453
【train】1/3 61/939 loss:40.67127227783203
【train】1/3 62/939 loss:30.605770111083984
【train】1/3 63/939 loss:29.021522521972656
【train】1/3 64/939 loss:30.859928131103516
【train】1/3 65/939 loss:26.088666915893555
【train】1/3 66/939 loss:32.435089111328125
【train】1/3 67/939 loss:31.31951141357422
【train】1/3 68/939 loss:19.09481430053711
【train】1/3 69/939 loss:24.389087677001953
【train】1/3 70/939 loss:27.585161209106445
【train】1/3 71/939 loss:25.134796142578125
【train】1/3 72/939 loss:27.54435920715332
【train】1/3 73/939 loss:30.360837936401367
【train】1/3 74/939 loss:26.05284881591797
【train】1/3 75/939 loss:24.102664947509766
【train】1/3 76/939 loss:20.672107696533203
【train】1/3 77/939 loss:28.056142807006836
【train】1/3 78/939 loss:21.19255828857422
【train】1/3 79/939 loss:20.298608779907227
【train】1/3 80/939 loss:27.48346710205078
【train】1/3 81/939 loss:29.698673248291016
【train】1/3 82/939 loss:27.05434799194336
【train】1/3 83/939 loss:23.77758026123047
【train】1/3 84/939 loss:22.3526668548584
【train】1/3 85/939 loss:20.678190231323242
【train】1/3 86/939 loss:21.892498016357422
【train】1/3 87/939 loss:25.337688446044922
【train】1/3 88/939 loss:24.242595672607422
【train】1/3 89/939 loss:22.111064910888672
【train】1/3 90/939 loss:25.069965362548828
【train】1/3 91/939 loss:19.081939697265625
【train】1/3 92/939 loss:23.031517028808594
【train】1/3 93/939 loss:23.41402816772461
【train】1/3 94/939 loss:19.856014251708984
【train】1/3 95/939 loss:22.33538246154785
【train】1/3 96/939 loss:15.428951263427734
【train】1/3 97/939 loss:19.474985122680664
【train】1/3 98/939 loss:23.411705017089844
【train】1/3 99/939 loss:25.06815528869629
【train】1/3 100/939 loss:20.556299209594727
【train】1/3 101/939 loss:17.70465087890625
【train】1/3 102/939 loss:20.25494956970215
【train】1/3 103/939 loss:17.373435974121094
【train】1/3 104/939 loss:18.9422550201416
【train】1/3 105/939 loss:16.54485321044922
【train】1/3 106/939 loss:19.588729858398438
【train】1/3 107/939 loss:21.905170440673828
【train】1/3 108/939 loss:20.588550567626953
【train】1/3 109/939 loss:22.76337432861328
【train】1/3 110/939 loss:20.418472290039062
【train】1/3 111/939 loss:16.726673126220703
【train】1/3 112/939 loss:16.73223114013672
【train】1/3 113/939 loss:21.29871940612793
【train】1/3 114/939 loss:16.35962677001953
【train】1/3 115/939 loss:15.302458763122559
【train】1/3 116/939 loss:16.713764190673828
【train】1/3 117/939 loss:12.057696342468262
【train】1/3 118/939 loss:21.651138305664062
【train】1/3 119/939 loss:17.26900291442871
【train】1/3 120/939 loss:13.091642379760742
【train】1/3 121/939 loss:18.581560134887695
【train】1/3 122/939 loss:17.571083068847656
【train】1/3 123/939 loss:14.553775787353516
【train】1/3 124/939 loss:12.880999565124512
【train】1/3 125/939 loss:28.770404815673828
【train】1/3 126/939 loss:16.957866668701172
【train】1/3 127/939 loss:18.42498016357422
【train】1/3 128/939 loss:16.09186363220215
【train】1/3 129/939 loss:11.45273208618164
【train】1/3 130/939 loss:17.035667419433594
【train】1/3 131/939 loss:13.552828788757324
【train】1/3 132/939 loss:11.242900848388672
【train】1/3 133/939 loss:18.770030975341797
【train】1/3 134/939 loss:12.376976013183594
【train】1/3 135/939 loss:17.510448455810547
【train】1/3 136/939 loss:19.902084350585938
【train】1/3 137/939 loss:16.543315887451172
【train】1/3 138/939 loss:12.918333053588867
【train】1/3 139/939 loss:23.155244827270508
【train】1/3 140/939 loss:20.75348663330078
【train】1/3 141/939 loss:11.314016342163086
【train】1/3 142/939 loss:14.64661979675293
【train】1/3 143/939 loss:13.257957458496094
【train】1/3 144/939 loss:13.025503158569336
【train】1/3 145/939 loss:16.860897064208984
【train】1/3 146/939 loss:13.01481819152832
【train】1/3 147/939 loss:16.623008728027344
【train】1/3 148/939 loss:15.996347427368164
【train】1/3 149/939 loss:18.553810119628906
【train】1/3 150/939 loss:15.06170654296875
【train】1/3 151/939 loss:13.214900970458984
【train】1/3 152/939 loss:15.33959674835205
【train】1/3 153/939 loss:14.63076400756836
【train】1/3 154/939 loss:9.760330200195312
【train】1/3 155/939 loss:13.392731666564941
【train】1/3 156/939 loss:13.185083389282227
【train】1/3 157/939 loss:9.796239852905273
【train】1/3 158/939 loss:17.532546997070312
【train】1/3 159/939 loss:15.794143676757812
【train】1/3 160/939 loss:19.776914596557617
【train】1/3 161/939 loss:13.618687629699707
【train】1/3 162/939 loss:16.2132568359375
【train】1/3 163/939 loss:9.684577941894531
【train】1/3 164/939 loss:14.777435302734375
【train】1/3 165/939 loss:11.429754257202148
【train】1/3 166/939 loss:16.33028793334961
【train】1/3 167/939 loss:8.735630989074707
【train】1/3 168/939 loss:30.189281463623047
【train】1/3 169/939 loss:16.0935001373291
【train】1/3 170/939 loss:13.160234451293945
【train】1/3 171/939 loss:15.444963455200195
【train】1/3 172/939 loss:15.105127334594727
【train】1/3 173/939 loss:12.086864471435547
【train】1/3 174/939 loss:11.414108276367188
【train】1/3 175/939 loss:17.91851806640625
【train】1/3 176/939 loss:19.191543579101562
【train】1/3 177/939 loss:13.087261199951172
【train】1/3 178/939 loss:12.204080581665039
【train】1/3 179/939 loss:13.171436309814453
【train】1/3 180/939 loss:12.885560989379883
【train】1/3 181/939 loss:14.828573226928711
【train】1/3 182/939 loss:11.40056037902832
【train】1/3 183/939 loss:17.81406021118164
【train】1/3 184/939 loss:14.706671714782715
【train】1/3 185/939 loss:9.9404878616333
【train】1/3 186/939 loss:12.286552429199219
【train】1/3 187/939 loss:17.266164779663086
【train】1/3 188/939 loss:15.966785430908203
【train】1/3 189/939 loss:19.720531463623047
【train】1/3 190/939 loss:12.242652893066406
【train】1/3 191/939 loss:13.837453842163086
【train】1/3 192/939 loss:14.549985885620117
【train】1/3 193/939 loss:15.954818725585938
【train】1/3 194/939 loss:12.408393859863281
【train】1/3 195/939 loss:10.888587951660156
【train】1/3 196/939 loss:19.245254516601562
【train】1/3 197/939 loss:12.369946479797363
【train】1/3 198/939 loss:13.821462631225586
【train】1/3 199/939 loss:16.539318084716797
【train】1/3 200/939 loss:10.697612762451172
【train】1/3 201/939 loss:13.41390609741211
【train】1/3 202/939 loss:11.225957870483398
【train】1/3 203/939 loss:15.040742874145508
【train】1/3 204/939 loss:9.672967910766602
【train】1/3 205/939 loss:11.840325355529785
【train】1/3 206/939 loss:10.539762496948242
【train】1/3 207/939 loss:12.606100082397461
【train】1/3 208/939 loss:10.744621276855469
【train】1/3 209/939 loss:12.157997131347656
【train】1/3 210/939 loss:11.17640209197998
【train】1/3 211/939 loss:13.402790069580078
【train】1/3 212/939 loss:14.092269897460938
【train】1/3 213/939 loss:11.649473190307617
【train】1/3 214/939 loss:11.944047927856445
【train】1/3 215/939 loss:11.05626392364502
【train】1/3 216/939 loss:11.214093208312988
【train】1/3 217/939 loss:8.880989074707031
【train】1/3 218/939 loss:12.588577270507812
【train】1/3 219/939 loss:11.59919261932373
【train】1/3 220/939 loss:9.553955078125
【train】1/3 221/939 loss:11.168244361877441
【train】1/3 222/939 loss:17.493520736694336
【train】1/3 223/939 loss:9.262897491455078
【train】1/3 224/939 loss:13.86998176574707
【train】1/3 225/939 loss:13.173471450805664
【train】1/3 226/939 loss:10.58266544342041
【train】1/3 227/939 loss:10.676048278808594
【train】1/3 228/939 loss:12.637760162353516
【train】1/3 229/939 loss:12.41316032409668
【train】1/3 230/939 loss:12.767411231994629
【train】1/3 231/939 loss:9.339666366577148
【train】1/3 232/939 loss:10.982677459716797
【train】1/3 233/939 loss:11.057449340820312
【train】1/3 234/939 loss:12.386693954467773
【train】1/3 235/939 loss:10.25798225402832
【train】1/3 236/939 loss:11.639392852783203
【train】1/3 237/939 loss:14.473600387573242
【train】1/3 238/939 loss:12.985115051269531
【train】1/3 239/939 loss:18.219886779785156
【train】1/3 240/939 loss:11.391162872314453
【train】1/3 241/939 loss:21.22165870666504
【train】1/3 242/939 loss:8.356683731079102
【train】1/3 243/939 loss:14.69334602355957
【train】1/3 244/939 loss:11.600512504577637
【train】1/3 245/939 loss:13.361974716186523
【train】1/3 246/939 loss:9.590742111206055
【train】1/3 247/939 loss:8.42484188079834
【train】1/3 248/939 loss:9.79928207397461
【train】1/3 249/939 loss:16.053550720214844
【train】1/3 250/939 loss:10.87346076965332
【train】1/3 251/939 loss:16.210521697998047
【train】1/3 252/939 loss:12.517330169677734
【train】1/3 253/939 loss:11.530569076538086
【train】1/3 254/939 loss:9.27001953125
【train】1/3 255/939 loss:10.296918869018555
【train】1/3 256/939 loss:13.403335571289062
【train】1/3 257/939 loss:13.659173011779785
【train】1/3 258/939 loss:9.881390571594238
【train】1/3 259/939 loss:14.179201126098633
【train】1/3 260/939 loss:8.03608512878418
【train】1/3 261/939 loss:13.78451919555664
【train】1/3 262/939 loss:11.343314170837402
【train】1/3 263/939 loss:9.486477851867676
【train】1/3 264/939 loss:10.723152160644531
【train】1/3 265/939 loss:8.248119354248047
【train】1/3 266/939 loss:10.61457633972168
【train】1/3 267/939 loss:10.6200590133667
【train】1/3 268/939 loss:15.73397445678711
【train】1/3 269/939 loss:17.516069412231445
【train】1/3 270/939 loss:11.034477233886719
【train】1/3 271/939 loss:9.065603256225586
【train】1/3 272/939 loss:9.90138053894043
【train】1/3 273/939 loss:18.123172760009766
【train】1/3 274/939 loss:11.791873931884766
【train】1/3 275/939 loss:10.739119529724121
【train】1/3 276/939 loss:11.621566772460938
【train】1/3 277/939 loss:9.365880012512207
【train】1/3 278/939 loss:12.532219886779785
【train】1/3 279/939 loss:9.88227653503418
【train】1/3 280/939 loss:10.016746520996094
【train】1/3 281/939 loss:10.152151107788086
【train】1/3 282/939 loss:6.563420295715332
【train】1/3 283/939 loss:11.950237274169922
【train】1/3 284/939 loss:11.07778549194336
【train】1/3 285/939 loss:9.548419952392578
【train】1/3 286/939 loss:8.622804641723633
【train】1/3 287/939 loss:7.977421760559082
【train】1/3 288/939 loss:11.725061416625977
【train】1/3 289/939 loss:12.069711685180664
【train】1/3 290/939 loss:14.323427200317383
【train】1/3 291/939 loss:9.749714851379395
【train】1/3 292/939 loss:14.03317642211914
【train】1/3 293/939 loss:12.96064567565918
【train】1/3 294/939 loss:8.803302764892578
【train】1/3 295/939 loss:9.369728088378906
【train】1/3 296/939 loss:10.57565689086914
【train】1/3 297/939 loss:9.672643661499023
【train】1/3 298/939 loss:15.072115898132324
【train】1/3 299/939 loss:7.364825248718262
【train】1/3 300/939 loss:10.461357116699219
【train】1/3 301/939 loss:10.0811767578125
【train】1/3 302/939 loss:11.469852447509766
【train】1/3 303/939 loss:11.242391586303711
【train】1/3 304/939 loss:11.363021850585938
【train】1/3 305/939 loss:13.102653503417969
【train】1/3 306/939 loss:14.725109100341797
【train】1/3 307/939 loss:12.0575590133667
【train】1/3 308/939 loss:11.630252838134766
【train】1/3 309/939 loss:8.532403945922852
【train】1/3 310/939 loss:7.936389923095703
【train】1/3 311/939 loss:13.24333381652832
【train】1/3 312/939 loss:7.806575775146484
【train】1/3 313/939 loss:10.192381858825684
【train】2/3 314/939 loss:8.386683464050293
【train】2/3 315/939 loss:10.89132022857666
【train】2/3 316/939 loss:7.3252692222595215
【train】2/3 317/939 loss:8.107970237731934
【train】2/3 318/939 loss:7.298276901245117
【train】2/3 319/939 loss:9.476606369018555
【train】2/3 320/939 loss:9.05801773071289
【train】2/3 321/939 loss:8.785928726196289
【train】2/3 322/939 loss:9.864410400390625
【train】2/3 323/939 loss:7.554042339324951
【train】2/3 324/939 loss:10.620134353637695
【train】2/3 325/939 loss:8.594039916992188
【train】2/3 326/939 loss:5.818399906158447
【train】2/3 327/939 loss:8.885232925415039
【train】2/3 328/939 loss:7.2932844161987305
【train】2/3 329/939 loss:8.081758499145508
【train】2/3 330/939 loss:9.280904769897461
【train】2/3 331/939 loss:7.610160827636719
【train】2/3 332/939 loss:8.311651229858398
【train】2/3 333/939 loss:6.451844215393066
【train】2/3 334/939 loss:15.330543518066406
【train】2/3 335/939 loss:11.844891548156738
【train】2/3 336/939 loss:10.521864891052246
【train】2/3 337/939 loss:8.920751571655273
【train】2/3 338/939 loss:6.7537946701049805
【train】2/3 339/939 loss:8.917064666748047
【train】2/3 340/939 loss:8.388679504394531
【train】2/3 341/939 loss:4.747854232788086
【train】2/3 342/939 loss:7.002147197723389
【train】2/3 343/939 loss:8.226116180419922
【train】2/3 344/939 loss:9.303028106689453
【train】2/3 345/939 loss:6.372291564941406
【train】2/3 346/939 loss:6.502378463745117
【train】2/3 347/939 loss:8.052927017211914
【train】2/3 348/939 loss:9.251855850219727
【train】2/3 349/939 loss:10.173651695251465
【train】2/3 350/939 loss:6.858795166015625
【train】2/3 351/939 loss:7.350786209106445
【train】2/3 352/939 loss:6.323922157287598
【train】2/3 353/939 loss:9.025197982788086
【train】2/3 354/939 loss:8.61929988861084
【train】2/3 355/939 loss:12.251993179321289
【train】2/3 356/939 loss:8.4474458694458
【train】2/3 357/939 loss:6.994209289550781
【train】2/3 358/939 loss:8.58019733428955
【train】2/3 359/939 loss:7.610700607299805
【train】2/3 360/939 loss:7.282400131225586
【train】2/3 361/939 loss:11.442011833190918
【train】2/3 362/939 loss:7.867838382720947
【train】2/3 363/939 loss:11.530380249023438
【train】2/3 364/939 loss:6.867635726928711
【train】2/3 365/939 loss:7.319203853607178
【train】2/3 366/939 loss:7.314940929412842
【train】2/3 367/939 loss:11.820499420166016
【train】2/3 368/939 loss:9.137271881103516
【train】2/3 369/939 loss:12.867063522338867
【train】2/3 370/939 loss:7.7938032150268555
【train】2/3 371/939 loss:10.390165328979492
【train】2/3 372/939 loss:6.6917314529418945
【train】2/3 373/939 loss:7.2354655265808105
【train】2/3 374/939 loss:6.393544673919678
【train】2/3 375/939 loss:10.022659301757812
【train】2/3 376/939 loss:6.582360744476318
【train】2/3 377/939 loss:8.394438743591309
【train】2/3 378/939 loss:9.596841812133789
【train】2/3 379/939 loss:8.802458763122559
【train】2/3 380/939 loss:9.184488296508789
【train】2/3 381/939 loss:8.919511795043945
【train】2/3 382/939 loss:7.580636024475098
【train】2/3 383/939 loss:10.19546890258789
【train】2/3 384/939 loss:5.861006259918213
【train】2/3 385/939 loss:9.029861450195312
【train】2/3 386/939 loss:8.48363971710205
【train】2/3 387/939 loss:7.470325946807861
【train】2/3 388/939 loss:9.14465045928955
【train】2/3 389/939 loss:6.7485270500183105
【train】2/3 390/939 loss:10.532111167907715
【train】2/3 391/939 loss:7.899235725402832
【train】2/3 392/939 loss:7.464573860168457
【train】2/3 393/939 loss:9.353748321533203
【train】2/3 394/939 loss:8.334599494934082
【train】2/3 395/939 loss:5.755783557891846
【train】2/3 396/939 loss:9.092280387878418
【train】2/3 397/939 loss:7.316534519195557
【train】2/3 398/939 loss:6.328677654266357
【train】2/3 399/939 loss:7.898834705352783
【train】2/3 400/939 loss:9.44699478149414
【train】2/3 401/939 loss:8.26750373840332
【train】2/3 402/939 loss:8.593610763549805
【train】2/3 403/939 loss:11.268810272216797
【train】2/3 404/939 loss:6.200288772583008
【train】2/3 405/939 loss:6.73726749420166
【train】2/3 406/939 loss:6.100305080413818
【train】2/3 407/939 loss:8.645301818847656
【train】2/3 408/939 loss:13.45779800415039
【train】2/3 409/939 loss:8.309806823730469
【train】2/3 410/939 loss:8.28643798828125
【train】2/3 411/939 loss:14.215311050415039
【train】2/3 412/939 loss:7.026029109954834
【train】2/3 413/939 loss:11.412215232849121
【train】2/3 414/939 loss:7.197609901428223
【train】2/3 415/939 loss:7.471324920654297
【train】2/3 416/939 loss:8.0565185546875
【train】2/3 417/939 loss:10.83526611328125
【train】2/3 418/939 loss:8.576559066772461
【train】2/3 419/939 loss:5.475640296936035
【train】2/3 420/939 loss:9.825407028198242
【train】2/3 421/939 loss:10.62210464477539
【train】2/3 422/939 loss:6.995765686035156
【train】2/3 423/939 loss:10.252419471740723
【train】2/3 424/939 loss:6.70033073425293
【train】2/3 425/939 loss:7.609635829925537
【train】2/3 426/939 loss:9.34955883026123
【train】2/3 427/939 loss:12.086822509765625
【train】2/3 428/939 loss:6.884757041931152
【train】2/3 429/939 loss:8.499143600463867
【train】2/3 430/939 loss:4.1128411293029785
【train】2/3 431/939 loss:6.204209327697754
【train】2/3 432/939 loss:4.816866874694824
【train】2/3 433/939 loss:8.723390579223633
【train】2/3 434/939 loss:6.128662109375
【train】2/3 435/939 loss:6.237072467803955
【train】2/3 436/939 loss:7.074779033660889
【train】2/3 437/939 loss:6.471105098724365
【train】2/3 438/939 loss:7.842833042144775
【train】2/3 439/939 loss:9.430147171020508
【train】2/3 440/939 loss:9.294979095458984
【train】2/3 441/939 loss:8.12741470336914
【train】2/3 442/939 loss:6.700672149658203
【train】2/3 443/939 loss:10.623086929321289
【train】2/3 444/939 loss:6.660572528839111
【train】2/3 445/939 loss:7.2812042236328125
【train】2/3 446/939 loss:5.616921901702881
【train】2/3 447/939 loss:5.610422134399414
【train】2/3 448/939 loss:4.92123556137085
【train】2/3 449/939 loss:7.793274402618408
【train】2/3 450/939 loss:6.2242536544799805
【train】2/3 451/939 loss:5.580522537231445
【train】2/3 452/939 loss:7.2528815269470215
【train】2/3 453/939 loss:3.7469372749328613
【train】2/3 454/939 loss:7.868563652038574
【train】2/3 455/939 loss:7.796203136444092
【train】2/3 456/939 loss:5.726949691772461
【train】2/3 457/939 loss:9.056563377380371
【train】2/3 458/939 loss:7.145333290100098
【train】2/3 459/939 loss:9.707478523254395
【train】2/3 460/939 loss:7.904242515563965
【train】2/3 461/939 loss:10.068466186523438
【train】2/3 462/939 loss:7.777368068695068
【train】2/3 463/939 loss:10.918837547302246
【train】2/3 464/939 loss:7.452880859375
【train】2/3 465/939 loss:5.431848049163818
【train】2/3 466/939 loss:5.161828994750977
【train】2/3 467/939 loss:8.704010009765625
【train】2/3 468/939 loss:7.90767240524292
【train】2/3 469/939 loss:5.130442142486572
【train】2/3 470/939 loss:6.135660648345947
【train】2/3 471/939 loss:6.330078125
【train】2/3 472/939 loss:7.923986911773682
【train】2/3 473/939 loss:5.163692951202393
【train】2/3 474/939 loss:7.5132269859313965
【train】2/3 475/939 loss:8.2328462600708
【train】2/3 476/939 loss:7.225503921508789
【train】2/3 477/939 loss:7.757035732269287
【train】2/3 478/939 loss:8.602596282958984
【train】2/3 479/939 loss:9.613903045654297
【train】2/3 480/939 loss:6.860512733459473
【train】2/3 481/939 loss:7.091946125030518
【train】2/3 482/939 loss:5.237940311431885
【train】2/3 483/939 loss:7.680072784423828
【train】2/3 484/939 loss:7.851778030395508
【train】2/3 485/939 loss:8.15699577331543
【train】2/3 486/939 loss:5.11868953704834
【train】2/3 487/939 loss:4.965847969055176
【train】2/3 488/939 loss:10.225486755371094
【train】2/3 489/939 loss:14.257193565368652
【train】2/3 490/939 loss:9.04874324798584
【train】2/3 491/939 loss:9.015501022338867
【train】2/3 492/939 loss:7.370689868927002
【train】2/3 493/939 loss:5.67687463760376
【train】2/3 494/939 loss:7.10811710357666
【train】2/3 495/939 loss:7.5222063064575195
【train】2/3 496/939 loss:5.250613689422607
【train】2/3 497/939 loss:6.888918876647949
【train】2/3 498/939 loss:4.793900489807129
【train】2/3 499/939 loss:7.400857448577881
【train】2/3 500/939 loss:6.027435779571533
【train】2/3 501/939 loss:9.452438354492188
【train】2/3 502/939 loss:9.809858322143555
【train】2/3 503/939 loss:9.565925598144531
【train】2/3 504/939 loss:8.60246467590332
【train】2/3 505/939 loss:7.541078567504883
【train】2/3 506/939 loss:9.368452072143555
【train】2/3 507/939 loss:9.989691734313965
【train】2/3 508/939 loss:5.442716121673584
【train】2/3 509/939 loss:10.695416450500488
【train】2/3 510/939 loss:7.199549198150635
【train】2/3 511/939 loss:6.264730453491211
【train】2/3 512/939 loss:8.808147430419922
【train】2/3 513/939 loss:8.323260307312012
【train】2/3 514/939 loss:8.24913215637207
【train】2/3 515/939 loss:9.82190990447998
【train】2/3 516/939 loss:7.429657459259033
【train】2/3 517/939 loss:9.857095718383789
【train】2/3 518/939 loss:8.57571029663086
【train】2/3 519/939 loss:4.83635950088501
【train】2/3 520/939 loss:6.14267635345459
【train】2/3 521/939 loss:9.060894012451172
【train】2/3 522/939 loss:8.307767868041992
【train】2/3 523/939 loss:6.492287635803223
【train】2/3 524/939 loss:8.609539985656738
【train】2/3 525/939 loss:6.978201389312744
【train】2/3 526/939 loss:7.330052375793457
【train】2/3 527/939 loss:7.55220365524292
【train】2/3 528/939 loss:7.5914201736450195
【train】2/3 529/939 loss:6.910833835601807
【train】2/3 530/939 loss:11.937324523925781
【train】2/3 531/939 loss:5.57457160949707
【train】2/3 532/939 loss:5.325267791748047
【train】2/3 533/939 loss:8.615470886230469
【train】2/3 534/939 loss:8.356241226196289
【train】2/3 535/939 loss:6.135737419128418
【train】2/3 536/939 loss:10.044170379638672
【train】2/3 537/939 loss:7.021766662597656
【train】2/3 538/939 loss:8.011987686157227
【train】2/3 539/939 loss:6.935961723327637
【train】2/3 540/939 loss:8.16028881072998
【train】2/3 541/939 loss:5.123745918273926
【train】2/3 542/939 loss:11.531296730041504
【train】2/3 543/939 loss:6.743778705596924
【train】2/3 544/939 loss:7.169821262359619
【train】2/3 545/939 loss:7.434664249420166
【train】2/3 546/939 loss:11.069392204284668
【train】2/3 547/939 loss:8.442301750183105
【train】2/3 548/939 loss:6.697897434234619
【train】2/3 549/939 loss:7.51149845123291
【train】2/3 550/939 loss:11.495689392089844
【train】2/3 551/939 loss:9.958149909973145
【train】2/3 552/939 loss:6.680645942687988
【train】2/3 553/939 loss:6.503458499908447
【train】2/3 554/939 loss:10.5554838180542
【train】2/3 555/939 loss:5.700950622558594
【train】2/3 556/939 loss:11.571605682373047
【train】2/3 557/939 loss:6.727014064788818
【train】2/3 558/939 loss:5.689018249511719
【train】2/3 559/939 loss:8.241867065429688
【train】2/3 560/939 loss:6.978872299194336
【train】2/3 561/939 loss:6.026800155639648
【train】2/3 562/939 loss:7.158971309661865
【train】2/3 563/939 loss:6.4236555099487305
【train】2/3 564/939 loss:8.174736022949219
【train】2/3 565/939 loss:6.931913375854492
【train】2/3 566/939 loss:7.176074981689453
【train】2/3 567/939 loss:6.640510082244873
【train】2/3 568/939 loss:6.513442039489746
【train】2/3 569/939 loss:7.061522483825684
【train】2/3 570/939 loss:6.135621070861816
【train】2/3 571/939 loss:6.492107391357422
【train】2/3 572/939 loss:6.009850025177002
【train】2/3 573/939 loss:5.8908281326293945
【train】2/3 574/939 loss:10.03271770477295
【train】2/3 575/939 loss:13.038778305053711
【train】2/3 576/939 loss:7.380627632141113
【train】2/3 577/939 loss:9.363468170166016
【train】2/3 578/939 loss:11.163941383361816
【train】2/3 579/939 loss:4.511013984680176
【train】2/3 580/939 loss:6.090465068817139
【train】2/3 581/939 loss:6.268618583679199
【train】2/3 582/939 loss:7.015054702758789
【train】2/3 583/939 loss:7.4166259765625
【train】2/3 584/939 loss:7.368022918701172
【train】2/3 585/939 loss:9.772563934326172
【train】2/3 586/939 loss:6.319735050201416
【train】2/3 587/939 loss:4.738961696624756
【train】2/3 588/939 loss:5.754153251647949
【train】2/3 589/939 loss:6.4200663566589355
【train】2/3 590/939 loss:3.6637191772460938
【train】2/3 591/939 loss:12.389596939086914
【train】2/3 592/939 loss:9.934733390808105
【train】2/3 593/939 loss:8.491037368774414
【train】2/3 594/939 loss:4.339661121368408
【train】2/3 595/939 loss:6.302865982055664
【train】2/3 596/939 loss:9.319656372070312
【train】2/3 597/939 loss:6.201293468475342
【train】2/3 598/939 loss:7.511427402496338
【train】2/3 599/939 loss:9.650925636291504
【train】2/3 600/939 loss:5.13856315612793
【train】2/3 601/939 loss:4.0138421058654785
【train】2/3 602/939 loss:6.967755317687988
【train】2/3 603/939 loss:13.564899444580078
【train】2/3 604/939 loss:8.277440071105957
【train】2/3 605/939 loss:7.981625556945801
【train】2/3 606/939 loss:6.827691078186035
【train】2/3 607/939 loss:5.895196437835693
【train】2/3 608/939 loss:4.431536674499512
【train】2/3 609/939 loss:8.471839904785156
【train】2/3 610/939 loss:7.941184997558594
【train】2/3 611/939 loss:5.076660633087158
【train】2/3 612/939 loss:5.040724277496338
【train】2/3 613/939 loss:8.33657455444336
【train】2/3 614/939 loss:5.467818260192871
【train】2/3 615/939 loss:7.315914154052734
【train】2/3 616/939 loss:10.194519996643066
【train】2/3 617/939 loss:7.16124153137207
【train】2/3 618/939 loss:4.977019309997559
【train】2/3 619/939 loss:6.411314487457275
【train】2/3 620/939 loss:6.630091667175293
【train】2/3 621/939 loss:7.232355117797852
【train】2/3 622/939 loss:8.539487838745117
【train】2/3 623/939 loss:5.959681987762451
【train】2/3 624/939 loss:6.023566722869873
【train】2/3 625/939 loss:6.209687232971191
【train】2/3 626/939 loss:5.923323631286621
【train】3/3 627/939 loss:7.107213020324707
【train】3/3 628/939 loss:8.038597106933594
【train】3/3 629/939 loss:5.810341835021973
【train】3/3 630/939 loss:6.215134143829346
【train】3/3 631/939 loss:5.414942264556885
【train】3/3 632/939 loss:5.794611930847168
【train】3/3 633/939 loss:3.567471981048584
【train】3/3 634/939 loss:3.9604249000549316
【train】3/3 635/939 loss:4.124013900756836
【train】3/3 636/939 loss:5.528908729553223
【train】3/3 637/939 loss:7.5058088302612305
【train】3/3 638/939 loss:5.0345234870910645
【train】3/3 639/939 loss:6.631380558013916
【train】3/3 640/939 loss:5.684757709503174
【train】3/3 641/939 loss:5.175676345825195
【train】3/3 642/939 loss:6.13175106048584
【train】3/3 643/939 loss:5.017134189605713
【train】3/3 644/939 loss:3.3649330139160156
【train】3/3 645/939 loss:6.358819961547852
【train】3/3 646/939 loss:6.94002103805542
【train】3/3 647/939 loss:5.975154399871826
【train】3/3 648/939 loss:4.092318058013916
【train】3/3 649/939 loss:5.887235641479492
【train】3/3 650/939 loss:5.412634372711182
【train】3/3 651/939 loss:6.575419902801514
【train】3/3 652/939 loss:3.7820277214050293
【train】3/3 653/939 loss:7.364510536193848
【train】3/3 654/939 loss:4.799901962280273
【train】3/3 655/939 loss:5.2956156730651855
【train】3/3 656/939 loss:8.005955696105957
【train】3/3 657/939 loss:5.035558700561523
【train】3/3 658/939 loss:6.241533279418945
【train】3/3 659/939 loss:4.7965569496154785
【train】3/3 660/939 loss:4.909738540649414
【train】3/3 661/939 loss:5.8972368240356445
【train】3/3 662/939 loss:3.5033164024353027
【train】3/3 663/939 loss:3.9573826789855957
【train】3/3 664/939 loss:5.105079650878906
【train】3/3 665/939 loss:7.1059346199035645
【train】3/3 666/939 loss:4.300334930419922
【train】3/3 667/939 loss:4.70556116104126
【train】3/3 668/939 loss:6.012364387512207
【train】3/3 669/939 loss:4.108861923217773
【train】3/3 670/939 loss:4.7193756103515625
【train】3/3 671/939 loss:5.258200168609619
【train】3/3 672/939 loss:6.150174617767334
【train】3/3 673/939 loss:4.4297871589660645
【train】3/3 674/939 loss:5.692913055419922
【train】3/3 675/939 loss:6.501800537109375
【train】3/3 676/939 loss:7.068821907043457
【train】3/3 677/939 loss:8.732406616210938
【train】3/3 678/939 loss:5.348215579986572
【train】3/3 679/939 loss:5.6747283935546875
【train】3/3 680/939 loss:7.421283721923828
【train】3/3 681/939 loss:5.022149562835693
【train】3/3 682/939 loss:6.387120723724365
【train】3/3 683/939 loss:6.123791694641113
【train】3/3 684/939 loss:4.938758373260498
【train】3/3 685/939 loss:5.50855016708374
【train】3/3 686/939 loss:5.178298473358154
【train】3/3 687/939 loss:9.549933433532715
【train】3/3 688/939 loss:6.086656093597412
【train】3/3 689/939 loss:5.14463472366333
【train】3/3 690/939 loss:5.055779457092285
【train】3/3 691/939 loss:7.496050834655762
【train】3/3 692/939 loss:3.843839645385742
【train】3/3 693/939 loss:7.478843688964844
【train】3/3 694/939 loss:6.5761494636535645
【train】3/3 695/939 loss:6.682651996612549
【train】3/3 696/939 loss:5.522928714752197
【train】3/3 697/939 loss:6.553807258605957
【train】3/3 698/939 loss:6.297289848327637
【train】3/3 699/939 loss:4.9505157470703125
【train】3/3 700/939 loss:6.254661560058594
【train】3/3 701/939 loss:5.983155727386475
【train】3/3 702/939 loss:4.921487808227539
【train】3/3 703/939 loss:5.9188337326049805
【train】3/3 704/939 loss:6.719936847686768
【train】3/3 705/939 loss:5.370542526245117
【train】3/3 706/939 loss:4.114902973175049
【train】3/3 707/939 loss:4.5091447830200195
【train】3/3 708/939 loss:6.910958290100098
【train】3/3 709/939 loss:4.804383277893066
【train】3/3 710/939 loss:3.6271328926086426
【train】3/3 711/939 loss:6.12396764755249
【train】3/3 712/939 loss:6.840014457702637
【train】3/3 713/939 loss:7.142632484436035
【train】3/3 714/939 loss:4.6397857666015625
【train】3/3 715/939 loss:5.480918884277344
【train】3/3 716/939 loss:4.853352069854736
【train】3/3 717/939 loss:7.343867778778076
【train】3/3 718/939 loss:4.777292251586914
【train】3/3 719/939 loss:4.417444705963135
【train】3/3 720/939 loss:6.360111236572266
【train】3/3 721/939 loss:4.681968688964844
【train】3/3 722/939 loss:3.5098299980163574
【train】3/3 723/939 loss:7.162911415100098
【train】3/3 724/939 loss:5.730355262756348
【train】3/3 725/939 loss:7.496759414672852
【train】3/3 726/939 loss:5.230344772338867
【train】3/3 727/939 loss:4.883838176727295
【train】3/3 728/939 loss:5.861493110656738
【train】3/3 729/939 loss:4.132396221160889
【train】3/3 730/939 loss:10.623586654663086
【train】3/3 731/939 loss:5.7786335945129395
【train】3/3 732/939 loss:3.059746265411377
【train】3/3 733/939 loss:4.664251804351807
【train】3/3 734/939 loss:6.021998405456543
【train】3/3 735/939 loss:6.098289489746094
【train】3/3 736/939 loss:5.147563457489014
【train】3/3 737/939 loss:4.0905256271362305
【train】3/3 738/939 loss:4.149810314178467
【train】3/3 739/939 loss:5.858351707458496
【train】3/3 740/939 loss:4.982137680053711
【train】3/3 741/939 loss:5.13616943359375
【train】3/3 742/939 loss:8.628474235534668
【train】3/3 743/939 loss:5.173434257507324
【train】3/3 744/939 loss:5.869386196136475
【train】3/3 745/939 loss:5.421671390533447
【train】3/3 746/939 loss:6.505209445953369
【train】3/3 747/939 loss:7.471314907073975
【train】3/3 748/939 loss:6.2949652671813965
【train】3/3 749/939 loss:4.423827648162842
【train】3/3 750/939 loss:4.831849575042725
【train】3/3 751/939 loss:5.0374603271484375
【train】3/3 752/939 loss:6.130213260650635
【train】3/3 753/939 loss:5.681954383850098
【train】3/3 754/939 loss:6.024909019470215
【train】3/3 755/939 loss:4.550083160400391
【train】3/3 756/939 loss:4.926266193389893
【train】3/3 757/939 loss:5.32432746887207
【train】3/3 758/939 loss:6.721945762634277
【train】3/3 759/939 loss:3.6546764373779297
【train】3/3 760/939 loss:5.435357093811035
【train】3/3 761/939 loss:6.49986457824707
【train】3/3 762/939 loss:7.053364276885986
【train】3/3 763/939 loss:4.990911483764648
【train】3/3 764/939 loss:5.397162914276123
【train】3/3 765/939 loss:4.928833484649658
【train】3/3 766/939 loss:9.231082916259766
【train】3/3 767/939 loss:3.3640666007995605
【train】3/3 768/939 loss:6.242343425750732
【train】3/3 769/939 loss:4.2096052169799805
【train】3/3 770/939 loss:6.268360614776611
【train】3/3 771/939 loss:5.654626369476318
【train】3/3 772/939 loss:5.632308483123779
【train】3/3 773/939 loss:6.703804016113281
【train】3/3 774/939 loss:5.220690727233887
【train】3/3 775/939 loss:4.7027268409729
【train】3/3 776/939 loss:4.178550720214844
【train】3/3 777/939 loss:7.601744174957275
【train】3/3 778/939 loss:5.659740924835205
【train】3/3 779/939 loss:5.795053482055664
【train】3/3 780/939 loss:8.742058753967285
【train】3/3 781/939 loss:7.507047653198242
【train】3/3 782/939 loss:8.752699851989746
【train】3/3 783/939 loss:5.007871627807617
【train】3/3 784/939 loss:5.345669746398926
【train】3/3 785/939 loss:4.642323017120361
【train】3/3 786/939 loss:7.955141067504883
【train】3/3 787/939 loss:5.696582794189453
【train】3/3 788/939 loss:3.929030656814575
【train】3/3 789/939 loss:7.319140434265137
【train】3/3 790/939 loss:5.009469985961914
【train】3/3 791/939 loss:5.329153537750244
【train】3/3 792/939 loss:5.172961711883545
【train】3/3 793/939 loss:5.962608337402344
【train】3/3 794/939 loss:6.287955284118652
【train】3/3 795/939 loss:4.483048439025879
【train】3/3 796/939 loss:3.996987819671631
【train】3/3 797/939 loss:6.348280429840088
【train】3/3 798/939 loss:4.460932731628418
【train】3/3 799/939 loss:4.500985622406006
【train】3/3 800/939 loss:3.5762548446655273
【train】3/3 801/939 loss:5.128570079803467
【train】3/3 802/939 loss:5.859753608703613
【train】3/3 803/939 loss:4.369153022766113
【train】3/3 804/939 loss:3.067788600921631
【train】3/3 805/939 loss:5.385993957519531
【train】3/3 806/939 loss:6.361700057983398
【train】3/3 807/939 loss:4.957171440124512
【train】3/3 808/939 loss:3.7958157062530518
【train】3/3 809/939 loss:7.360291004180908
【train】3/3 810/939 loss:7.209843158721924
【train】3/3 811/939 loss:4.683265686035156
【train】3/3 812/939 loss:7.524873733520508
【train】3/3 813/939 loss:3.928317070007324
【train】3/3 814/939 loss:7.009067535400391
【train】3/3 815/939 loss:7.4184417724609375
【train】3/3 816/939 loss:4.88635778427124
【train】3/3 817/939 loss:6.7235107421875
【train】3/3 818/939 loss:4.382861137390137
【train】3/3 819/939 loss:6.170664310455322
【train】3/3 820/939 loss:4.9484171867370605
【train】3/3 821/939 loss:5.7842912673950195
【train】3/3 822/939 loss:7.208016872406006
【train】3/3 823/939 loss:5.164548397064209
【train】3/3 824/939 loss:9.272750854492188
【train】3/3 825/939 loss:4.519970417022705
【train】3/3 826/939 loss:5.458755970001221
【train】3/3 827/939 loss:4.173620700836182
【train】3/3 828/939 loss:3.1809630393981934
【train】3/3 829/939 loss:6.063381671905518
【train】3/3 830/939 loss:3.9474427700042725
【train】3/3 831/939 loss:4.212270736694336
【train】3/3 832/939 loss:4.161397933959961
【train】3/3 833/939 loss:4.146850109100342
【train】3/3 834/939 loss:5.741024971008301
【train】3/3 835/939 loss:7.80513334274292
【train】3/3 836/939 loss:4.721721649169922
【train】3/3 837/939 loss:6.825003623962402
【train】3/3 838/939 loss:3.272834300994873
【train】3/3 839/939 loss:4.167342185974121
【train】3/3 840/939 loss:5.587094306945801
【train】3/3 841/939 loss:5.0941267013549805
【train】3/3 842/939 loss:6.033953666687012
【train】3/3 843/939 loss:4.150297164916992
【train】3/3 844/939 loss:3.3050594329833984
【train】3/3 845/939 loss:6.022899627685547
【train】3/3 846/939 loss:7.069101810455322
【train】3/3 847/939 loss:5.056159019470215
【train】3/3 848/939 loss:3.4318995475769043
【train】3/3 849/939 loss:4.7526535987854
【train】3/3 850/939 loss:5.526772975921631
【train】3/3 851/939 loss:6.47511100769043
【train】3/3 852/939 loss:5.5623345375061035
【train】3/3 853/939 loss:4.069646835327148
【train】3/3 854/939 loss:4.445901870727539
【train】3/3 855/939 loss:3.9454479217529297
【train】3/3 856/939 loss:4.979222774505615
【train】3/3 857/939 loss:3.598562240600586
【train】3/3 858/939 loss:2.960397243499756
【train】3/3 859/939 loss:4.846694469451904
【train】3/3 860/939 loss:6.6952805519104
【train】3/3 861/939 loss:7.059635162353516
【train】3/3 862/939 loss:5.766085147857666
【train】3/3 863/939 loss:7.022976875305176
【train】3/3 864/939 loss:3.4521865844726562
【train】3/3 865/939 loss:3.791064739227295
【train】3/3 866/939 loss:5.467216968536377
【train】3/3 867/939 loss:4.8376007080078125
【train】3/3 868/939 loss:5.827300548553467
【train】3/3 869/939 loss:4.3085432052612305
【train】3/3 870/939 loss:9.009326934814453
【train】3/3 871/939 loss:5.2289628982543945
【train】3/3 872/939 loss:5.314496994018555
【train】3/3 873/939 loss:5.152916431427002
【train】3/3 874/939 loss:5.415950775146484
【train】3/3 875/939 loss:3.637566089630127
【train】3/3 876/939 loss:5.1526312828063965
【train】3/3 877/939 loss:3.3367414474487305
【train】3/3 878/939 loss:7.066317558288574
【train】3/3 879/939 loss:5.151982307434082
【train】3/3 880/939 loss:4.2775349617004395
【train】3/3 881/939 loss:5.829838752746582
【train】3/3 882/939 loss:3.817779541015625
【train】3/3 883/939 loss:6.110612869262695
【train】3/3 884/939 loss:5.910036563873291
【train】3/3 885/939 loss:5.957905292510986
【train】3/3 886/939 loss:7.764078140258789
【train】3/3 887/939 loss:3.7433829307556152
【train】3/3 888/939 loss:4.543844223022461
【train】3/3 889/939 loss:5.936244487762451
【train】3/3 890/939 loss:6.565301418304443
【train】3/3 891/939 loss:5.263586521148682
【train】3/3 892/939 loss:8.58320140838623
【train】3/3 893/939 loss:6.4569525718688965
【train】3/3 894/939 loss:5.715367317199707
【train】3/3 895/939 loss:3.7786967754364014
【train】3/3 896/939 loss:5.25483512878418
【train】3/3 897/939 loss:4.070134162902832
【train】3/3 898/939 loss:5.181100845336914
【train】3/3 899/939 loss:5.878054141998291
【train】3/3 900/939 loss:5.968998432159424
【train】3/3 901/939 loss:3.3837125301361084
【train】3/3 902/939 loss:4.858179569244385
【train】3/3 903/939 loss:4.7420477867126465
【train】3/3 904/939 loss:5.944382667541504
【train】3/3 905/939 loss:6.081216812133789
【train】3/3 906/939 loss:4.986651420593262
【train】3/3 907/939 loss:4.281268119812012
【train】3/3 908/939 loss:4.114922523498535
【train】3/3 909/939 loss:6.3086347579956055
【train】3/3 910/939 loss:3.7007737159729004
【train】3/3 911/939 loss:4.87750768661499
【train】3/3 912/939 loss:4.159289360046387
【train】3/3 913/939 loss:4.4621453285217285
【train】3/3 914/939 loss:4.866674423217773
【train】3/3 915/939 loss:4.9178547859191895
【train】3/3 916/939 loss:2.903665542602539
【train】3/3 917/939 loss:3.832613945007324
【train】3/3 918/939 loss:5.479800224304199
【train】3/3 919/939 loss:6.494688034057617
【train】3/3 920/939 loss:8.449207305908203
【train】3/3 921/939 loss:7.144633769989014
【train】3/3 922/939 loss:4.6097493171691895
【train】3/3 923/939 loss:6.374584674835205
【train】3/3 924/939 loss:6.485685348510742
【train】3/3 925/939 loss:4.968378067016602
【train】3/3 926/939 loss:5.751293659210205
【train】3/3 927/939 loss:12.210933685302734
【train】3/3 928/939 loss:5.866764068603516
【train】3/3 929/939 loss:3.163264751434326
【train】3/3 930/939 loss:4.762451171875
【train】3/3 931/939 loss:6.541749000549316
【train】3/3 932/939 loss:7.394162178039551
【train】3/3 933/939 loss:5.855976581573486
【train】3/3 934/939 loss:6.635392189025879
【train】3/3 935/939 loss:6.559325218200684
【train】3/3 936/939 loss:5.108439922332764
【train】3/3 937/939 loss:4.8096513748168945
【train】3/3 938/939 loss:6.403599262237549
【train】3/3 939/939 loss:8.60867691040039
              precision    recall  f1-score   support

        Date       0.84      0.86      0.85       128
      Number       0.80      0.87      0.83        23
        Text       0.62      0.64      0.63        61
          人物       0.81      0.91      0.85      1589
          企业       0.68      0.59      0.63       143
       企业/品牌       0.40      0.50      0.44         4
          作品       0.00      0.00      0.00        12
          国家       0.71      0.65      0.68        68
        图书作品       0.76      0.83      0.79       178
          地点       0.50      0.47      0.48        30
          城市       1.00      0.60      0.75         5
          奖项       0.33      0.29      0.31        14
          学校       0.73      0.79      0.76        67
        影视作品       0.75      0.79      0.77       281
        文学作品       0.50      0.20      0.29         5
          景点       0.00      0.00      0.00         2
          机构       0.61      0.66      0.64       112
          歌曲       0.84      0.85      0.84       172
          气候       0.67      0.67      0.67         3
        电视综艺       0.74      0.96      0.84        27
         行政区       0.60      0.75      0.67         8
          语言       0.00      0.00      0.00         1
        音乐专辑       0.73      0.94      0.82        32

   micro avg       0.77      0.83      0.80      2965
   macro avg       0.59      0.60      0.59      2965
weighted avg       0.77      0.83      0.80      2965

